This is pdfTeX, Version 3.14159265-2.6-1.40.16 (TeX Live 2015/Debian) (preloaded format=pdflatex 2018.6.11)  20 SEP 2018 08:43
entering extended mode
 restricted \write18 enabled.
 %&-line parsing enabled.
**common_preamble.tex
(./common_preamble.tex
LaTeX2e <2016/02/01>
Babel <3.9q> and hyphenation patterns for 5 language(s) loaded.

! LaTeX Error: \usepackage before \documentclass.

See the LaTeX manual or LaTeX Companion for explanation.
Type  H <return>  for immediate help.
 ...                                              
                                                  
l.1 \usepackage{
                resources/themeBeamer}
\usepackage may only appear in the document preamble, i.e.,
between \documentclass and \begin{document}.


! LaTeX Error: \usepackage before \documentclass.

See the LaTeX manual or LaTeX Companion for explanation.
Type  H <return>  for immediate help.
 ...                                              
                                                  
l.3 \usepackage{
                framed,xcolor}
\usepackage may only appear in the document preamble, i.e.,
between \documentclass and \begin{document}.


! LaTeX Error: \usepackage before \documentclass.

See the LaTeX manual or LaTeX Companion for explanation.
Type  H <return>  for immediate help.
 ...                                              
                                                  
l.4 \usepackage{
                etextools}
\usepackage may only appear in the document preamble, i.e.,
between \documentclass and \begin{document}.

! Undefined control sequence.
<argument> \OuterFrameSep 
                          
l.6 \setlength{\OuterFrameSep}{2pt}
                                   
The control sequence at the end of the top line
of your error message was never \def'ed. If you have
misspelled it (e.g., `\hobx'), type `I' and the correct
spelling (e.g., `I\hbox'). Otherwise just continue,
and I'll forget about whatever was undefined.


! LaTeX Error: Missing \begin{document}.

See the LaTeX manual or LaTeX Companion for explanation.
Type  H <return>  for immediate help.
 ...                                              
                                                  
l.6 \setlength{\OuterFrameSep}{2pt}
                                   
You're in trouble here.  Try typing  <return>  to proceed.
If that doesn't work, type  X <return>  to quit.

Missing character: There is no 2 in font nullfont!
Missing character: There is no p in font nullfont!
Missing character: There is no t in font nullfont!
! Undefined control sequence.
l.8 \preto
          {\@verbatim}{\topsep=0pt \partopsep=0pt }
The control sequence at the end of the top line
of your error message was never \def'ed. If you have
misspelled it (e.g., `\hobx'), type `I' and the correct
spelling (e.g., `I\hbox'). Otherwise just continue,
and I'll forget about whatever was undefined.


Overfull \hbox (20.0pt too wide) in paragraph at lines 6--8
[] 
 []


Overfull \hbox (157.49863pt too wide) in paragraph at lines 8--8
[]\OT1/cmtt/m/n/10 }{\topsep=0pt \partopsep=0pt } 
 []


Overfull \hbox (62.99945pt too wide) in paragraph at lines 9--9
[]\OT1/cmtt/m/n/10 \makeatother[] 
 []


Overfull \hbox (68.2494pt too wide) in paragraph at lines 11--11
[]\OT1/cmtt/m/n/10 \makeatletter[] 
 []


Overfull \hbox (178.49844pt too wide) in paragraph at lines 12--12
[]\OT1/cmtt/m/n/10 \addtobeamertemplate{block begin}{[] 
 []


Overfull \hbox (183.7484pt too wide) in paragraph at lines 13--13
[]\OT1/cmtt/m/n/10 \def\@listi{\leftmargin\leftmargini[] 
 []


Overfull \hbox (146.99872pt too wide) in paragraph at lines 14--14
[]\OT1/cmtt/m/n/10               \topsep    0pt[] 
 []


Overfull \hbox (146.99872pt too wide) in paragraph at lines 15--15
[]\OT1/cmtt/m/n/10               \parsep    0pt[] 
 []


Overfull \hbox (251.9978pt too wide) in paragraph at lines 16--16
[]\OT1/cmtt/m/n/10               \itemsep   3pt plus 2pt minus 3pt}[] 
 []


Overfull \hbox (73.49936pt too wide) in paragraph at lines 17--17
[]\OT1/cmtt/m/n/10 \partopsep 0pt[] 
 []


Overfull \hbox (5.24995pt too wide) in paragraph at lines 18--18
[]\OT1/cmtt/m/n/10 }[] 
 []


Overfull \hbox (62.99945pt too wide) in paragraph at lines 19--19
[]\OT1/cmtt/m/n/10 \makeatother[] 
 []


Overfull \hbox (204.74821pt too wide) in paragraph at lines 21--21
[]\OT1/cmtt/m/n/10 \graphicspath{{resources/common_figs/}}[] 
 []


Overfull \hbox (89.24922pt too wide) in paragraph at lines 22--22
[]\OT1/cmtt/m/n/10 \usepackage{tikz}[] 
 []


Overfull \hbox (398.99652pt too wide) in paragraph at lines 23--23
[]\OT1/cmtt/m/n/10 \usetikzlibrary{calc,shapes,backgrounds,arrows,automata,shad
ows,positioning}[] 
 []


Overfull \hbox (404.24648pt too wide) in paragraph at lines 24--24
[]\OT1/cmtt/m/n/10 \tikzstyle{every state}=[fill=red,draw=none,scale=0.7,font=\
small,text=white][] 
 []


Overfull \hbox (288.74748pt too wide) in paragraph at lines 25--25
[]\OT1/cmtt/m/n/10 \tikzstyle{every edge}=[-,shorten >=1pt,auto,thin,draw][] 
 []


Overfull \hbox (178.49844pt too wide) in paragraph at lines 26--26
[]\OT1/cmtt/m/n/10 \tikzstyle{alertstate}=[fill=bleu][] 
 []


Overfull \hbox (209.99817pt too wide) in paragraph at lines 27--27
[]\OT1/cmtt/m/n/10 \definecolor{genecolor}{RGB}{94,135,173}[] 
 []


Overfull \hbox (99.74913pt too wide) in paragraph at lines 29--29
[]\OT1/cmtt/m/n/10 \let\oldtitle\title[] 
 []


Overfull \hbox (188.99835pt too wide) in paragraph at lines 30--30
[]\OT1/cmtt/m/n/10 \subtitle{\huge\oldtitle\normalsize}[] 
 []


Overfull \hbox (115.499pt too wide) in paragraph at lines 31--31
[]\OT1/cmtt/m/n/10 \title{\currentCourse}[] 
 []


Overfull \hbox (152.24867pt too wide) in paragraph at lines 32--32
[]\OT1/cmtt/m/n/10 \institute{\currentInstitute}[] 
 []


Overfull \hbox (99.74913pt too wide) in paragraph at lines 34--34
[]\OT1/cmtt/m/n/10 \date{\currentDate}[] 
 []


Overfull \hbox (83.99927pt too wide) in paragraph at lines 36--36
[]\OT1/cmtt/m/n/10 \AtBeginSection{[] 
 []


Overfull \hbox (120.74895pt too wide) in paragraph at lines 37--37
[]\OT1/cmtt/m/n/10   \begin{frame}<beamer>[] 
 []


Overfull \hbox (125.9989pt too wide) in paragraph at lines 38--38
[]\OT1/cmtt/m/n/10     \frametitle{Outline}[] 
 []


Overfull \hbox (162.74858pt too wide) in paragraph at lines 39--39
[]\OT1/cmtt/m/n/10     \framesubtitle{\insertpart}[] 
 []


Overfull \hbox (461.99597pt too wide) in paragraph at lines 40--40
[]\OT1/cmtt/m/n/10     \tableofcontents[currentsection,currentsubsection, subse
ctionstyle=show/shaded/hide][] 
 []


Overfull \hbox (68.2494pt too wide) in paragraph at lines 41--41
[]\OT1/cmtt/m/n/10   \end{frame}[] 
 []


Overfull \hbox (5.24995pt too wide) in paragraph at lines 42--42
[]\OT1/cmtt/m/n/10 }[] 
 []


Overfull \hbox (99.74913pt too wide) in paragraph at lines 44--44
[]\OT1/cmtt/m/n/10 \AtBeginSubsection{[] 
 []


Overfull \hbox (120.74895pt too wide) in paragraph at lines 45--45
[]\OT1/cmtt/m/n/10   \begin{frame}<beamer>[] 
 []


Overfull \hbox (125.9989pt too wide) in paragraph at lines 46--46
[]\OT1/cmtt/m/n/10     \frametitle{Outline}[] 
 []


Overfull \hbox (162.74858pt too wide) in paragraph at lines 47--47
[]\OT1/cmtt/m/n/10     \framesubtitle{\insertpart}[] 
 []


Overfull \hbox (461.99597pt too wide) in paragraph at lines 48--48
[]\OT1/cmtt/m/n/10     \tableofcontents[currentsection,currentsubsection, subse
ctionstyle=show/shaded/hide][] 
 []


Overfull \hbox (68.2494pt too wide) in paragraph at lines 49--49
[]\OT1/cmtt/m/n/10   \end{frame}[] 
 []


Overfull \hbox (5.24995pt too wide) in paragraph at lines 50--50
[]\OT1/cmtt/m/n/10 }[] 
 []


Overfull \hbox (115.499pt too wide) in paragraph at lines 52--52
[]\OT1/cmtt/m/n/10 \AtBeginSubsubsection{[] 
 []


Overfull \hbox (120.74895pt too wide) in paragraph at lines 53--53
[]\OT1/cmtt/m/n/10   \begin{frame}<beamer>[] 
 []


Overfull \hbox (125.9989pt too wide) in paragraph at lines 54--54
[]\OT1/cmtt/m/n/10     \frametitle{Outline}[] 
 []


Overfull \hbox (162.74858pt too wide) in paragraph at lines 55--55
[]\OT1/cmtt/m/n/10     \framesubtitle{\insertpart}[] 
 []


Overfull \hbox (461.99597pt too wide) in paragraph at lines 56--56
[]\OT1/cmtt/m/n/10     \tableofcontents[currentsection,currentsubsection, subse
ctionstyle=show/shaded/hide][] 
 []


Overfull \hbox (68.2494pt too wide) in paragraph at lines 57--57
[]\OT1/cmtt/m/n/10   \end{frame}[] 
 []


Overfull \hbox (5.24995pt too wide) in paragraph at lines 58--58
[]\OT1/cmtt/m/n/10 }[] 
 []


Overfull \hbox (141.74876pt too wide) in paragraph at lines 60--60
[]\OT1/cmtt/m/n/10 \let\oldtitlepage\titlepage[] 
 []


Overfull \hbox (141.74876pt too wide) in paragraph at lines 61--61
[]\OT1/cmtt/m/n/10 \renewcommand{\titlepage}{%[] 
 []


Overfull \hbox (89.24922pt too wide) in paragraph at lines 62--62
[]\OT1/cmtt/m/n/10     \oldtitlepage[] 
 []


Overfull \hbox (52.49954pt too wide) in paragraph at lines 63--63
[]\OT1/cmtt/m/n/10     \vfill[] 
 []


Overfull \hbox (236.24794pt too wide) in paragraph at lines 65--65
[]\OT1/cmtt/m/n/10 \begin{tikzpicture}[remember picture,overlay][] 
 []


Overfull \hbox (650.99432pt too wide) in paragraph at lines 66--66
[]\OT1/cmtt/m/n/10   \node [xshift=2cm,yshift=1.5cm] at (current page.south wes
t)    {\includegraphics[width=2.5cm]{LogoAgrocampusOuestPetit}};[] 
 []


Overfull \hbox (582.74492pt too wide) in paragraph at lines 67--67
[]\OT1/cmtt/m/n/10   \node [xshift=-2cm,yshift=1.35cm] at (current page.south e
ast)   {\includegraphics[width=2cm]{sticker_sotr}};[] 
 []


Overfull \hbox (89.24922pt too wide) in paragraph at lines 68--68
[]\OT1/cmtt/m/n/10 \end{tikzpicture}[] 
 []


Overfull \hbox (5.24995pt too wide) in paragraph at lines 69--69
[]\OT1/cmtt/m/n/10 }[] 
 []

)
! Emergency stop.
<*> common_preamble.tex
                       
*** (job aborted, no legal \end found)

 
Here is how much of TeX's memory you used:
 9 strings out of 494924
 204 string characters out of 6179708
 50660 words of memory out of 5000000
 3402 multiletter control sequences out of 15000+600000
 3808 words of font info for 15 fonts, out of 8000000 for 9000
 14 hyphenation exceptions out of 8191
 17i,1n,14p,146b,146s stack positions out of 5000i,500n,10000p,200000b,80000s
!  ==> Fatal error occurred, no output PDF file produced!
